# JRE version: OpenJDK Runtime Environment (17.0.9) (build 17.0.9+0--11185874)
# Java VM: OpenJDK 64-Bit Server VM (17.0.9+0--11185874, mixed mode, tiered, compressed oops, compressed class ptrs, g1 gc, windows-amd64)
GC Precious Log:
 CPUs: 12 total, 12 available
 Memory: 7916M
 Large Page Support: Disabled
 NUMA Support: Disabled
 Compressed Oops: Enabled (32-bit)
 Heap Region Size: 1M
 Heap Min Capacity: 8M
 Heap Initial Capacity: 124M
 Heap Max Capacity: 2G
 Pre-touch: Disabled
 Parallel Workers: 10
 Concurrent Workers: 3
 Concurrent Refinement Workers: 10
 Periodic GC: Disabled
Heap:
 garbage-first heap   total 413696K, used 269312K [0x0000000080000000, 0x0000000100000000)
  region size 1024K, 45 young (46080K), 14 survivors (14336K)
 Metaspace       used 151026K, committed 152256K, reserved 1245184K
  class space    used 20458K, committed 21056K, reserved 1048576K
GC Heap History (20 events):
Event: 1007.556 GC heap before
{Heap before GC invocations=55 (full 0):
 garbage-first heap   total 344064K, used 282121K [0x0000000080000000, 0x0000000100000000)
  region size 1024K, 106 young (108544K), 2 survivors (2048K)
 Metaspace       used 132514K, committed 133568K, reserved 1179648K
  class space    used 17808K, committed 18304K, reserved 1048576K
}
Event: 1007.569 GC heap after
{Heap after GC invocations=56 (full 0):
 garbage-first heap   total 344064K, used 186095K [0x0000000080000000, 0x0000000100000000)
  region size 1024K, 11 young (11264K), 11 survivors (11264K)
 Metaspace       used 132514K, committed 133568K, reserved 1179648K
  class space    used 17808K, committed 18304K, reserved 1048576K
}
Event: 1465.776 GC heap before
{Heap before GC invocations=57 (full 0):
 garbage-first heap   total 344064K, used 282351K [0x0000000080000000, 0x0000000100000000)
  region size 1024K, 106 young (108544K), 11 survivors (11264K)
 Metaspace       used 134523K, committed 135552K, reserved 1179648K
  class space    used 18051K, committed 18560K, reserved 1048576K
}
Event: 1465.860 GC heap after
{Heap after GC invocations=58 (full 0):
 garbage-first heap   total 344064K, used 196600K [0x0000000080000000, 0x0000000100000000)
  region size 1024K, 11 young (11264K), 11 survivors (11264K)
 Metaspace       used 134523K, committed 135552K, reserved 1179648K
  class space    used 18051K, committed 18560K, reserved 1048576K
}
Event: 1465.915 GC heap before
{Heap before GC invocations=58 (full 0):
 garbage-first heap   total 344064K, used 201720K [0x0000000080000000, 0x0000000100000000)
  region size 1024K, 16 young (16384K), 11 survivors (11264K)
 Metaspace       used 134550K, committed 135616K, reserved 1179648K
  class space    used 18053K, committed 18560K, reserved 1048576K
}
Event: 1465.933 GC heap after
{Heap after GC invocations=59 (full 0):
 garbage-first heap   total 344064K, used 194737K [0x0000000080000000, 0x0000000100000000)
  region size 1024K, 2 young (2048K), 2 survivors (2048K)
 Metaspace       used 134550K, committed 135616K, reserved 1179648K
  class space    used 18053K, committed 18560K, reserved 1048576K
}
Event: 1466.837 GC heap before
{Heap before GC invocations=59 (full 0):
 garbage-first heap   total 344064K, used 282801K [0x0000000080000000, 0x0000000100000000)
  region size 1024K, 89 young (91136K), 2 survivors (2048K)
 Metaspace       used 137352K, committed 138432K, reserved 1179648K
  class space    used 18399K, committed 18944K, reserved 1048576K
}
Event: 1466.846 GC heap after
{Heap after GC invocations=60 (full 0):
 garbage-first heap   total 413696K, used 197178K [0x0000000080000000, 0x0000000100000000)
  region size 1024K, 4 young (4096K), 4 survivors (4096K)
 Metaspace       used 137352K, committed 138432K, reserved 1179648K
  class space    used 18399K, committed 18944K, reserved 1048576K
}
Event: 1467.281 GC heap before
{Heap before GC invocations=61 (full 0):
 garbage-first heap   total 413696K, used 332346K [0x0000000080000000, 0x0000000100000000)
  region size 1024K, 136 young (139264K), 4 survivors (4096K)
 Metaspace       used 137904K, committed 139008K, reserved 1179648K
  class space    used 18411K, committed 18944K, reserved 1048576K
}
Event: 1467.285 GC heap after
{Heap after GC invocations=62 (full 0):
 garbage-first heap   total 413696K, used 197695K [0x0000000080000000, 0x0000000100000000)
  region size 1024K, 5 young (5120K), 5 survivors (5120K)
 Metaspace       used 137904K, committed 139008K, reserved 1179648K
  class space    used 18411K, committed 18944K, reserved 1048576K
}
Event: 1467.347 GC heap before
{Heap before GC invocations=62 (full 0):
 garbage-first heap   total 413696K, used 212031K [0x0000000080000000, 0x0000000100000000)
  region size 1024K, 20 young (20480K), 5 survivors (5120K)
 Metaspace       used 137924K, committed 139008K, reserved 1179648K
  class space    used 18412K, committed 18944K, reserved 1048576K
}
Event: 1467.363 GC heap after
{Heap after GC invocations=63 (full 0):
 garbage-first heap   total 413696K, used 186608K [0x0000000080000000, 0x0000000100000000)
  region size 1024K, 1 young (1024K), 1 survivors (1024K)
 Metaspace       used 137924K, committed 139008K, reserved 1179648K
  class space    used 18412K, committed 18944K, reserved 1048576K
}
Event: 1471.323 GC heap before
{Heap before GC invocations=63 (full 0):
 garbage-first heap   total 413696K, used 333040K [0x0000000080000000, 0x0000000100000000)
  region size 1024K, 145 young (148480K), 1 survivors (1024K)
 Metaspace       used 142458K, committed 143616K, reserved 1179648K
  class space    used 19096K, committed 19648K, reserved 1048576K
}
Event: 1471.342 GC heap after
{Heap after GC invocations=64 (full 0):
 garbage-first heap   total 413696K, used 211630K [0x0000000080000000, 0x0000000100000000)
  region size 1024K, 19 young (19456K), 19 survivors (19456K)
 Metaspace       used 142458K, committed 143616K, reserved 1179648K
  class space    used 19096K, committed 19648K, reserved 1048576K
}
Event: 1472.251 GC heap before
{Heap before GC invocations=65 (full 0):
 garbage-first heap   total 413696K, used 330414K [0x0000000080000000, 0x0000000100000000)
  region size 1024K, 136 young (139264K), 19 survivors (19456K)
 Metaspace       used 148019K, committed 149184K, reserved 1179648K
  class space    used 19972K, committed 20544K, reserved 1048576K
}
Event: 1472.280 GC heap after
{Heap after GC invocations=66 (full 0):
 garbage-first heap   total 413696K, used 223666K [0x0000000080000000, 0x0000000100000000)
  region size 1024K, 17 young (17408K), 17 survivors (17408K)
 Metaspace       used 148019K, committed 149184K, reserved 1179648K
  class space    used 19972K, committed 20544K, reserved 1048576K
}
Event: 1472.295 GC heap before
{Heap before GC invocations=66 (full 0):
 garbage-first heap   total 413696K, used 226738K [0x0000000080000000, 0x0000000100000000)
  region size 1024K, 20 young (20480K), 17 survivors (17408K)
 Metaspace       used 148143K, committed 149312K, reserved 1179648K
  class space    used 19987K, committed 20544K, reserved 1048576K
}
Event: 1472.408 GC heap after
{Heap after GC invocations=67 (full 0):
 garbage-first heap   total 413696K, used 223674K [0x0000000080000000, 0x0000000100000000)
  region size 1024K, 3 young (3072K), 3 survivors (3072K)
 Metaspace       used 148143K, committed 149312K, reserved 1179648K
  class space    used 19987K, committed 20544K, reserved 1048576K
}
Event: 1472.910 GC heap before
{Heap before GC invocations=67 (full 0):
 garbage-first heap   total 413696K, used 330170K [0x0000000080000000, 0x0000000100000000)
  region size 1024K, 108 young (110592K), 3 survivors (3072K)
 Metaspace       used 150947K, committed 152192K, reserved 1245184K
  class space    used 20445K, committed 21056K, reserved 1048576K
}
Event: 1472.929 GC heap after
{Heap after GC invocations=68 (full 0):
 garbage-first heap   total 413696K, used 238592K [0x0000000080000000, 0x0000000100000000)
  region size 1024K, 14 young (14336K), 14 survivors (14336K)
 Metaspace       used 150947K, committed 152192K, reserved 1245184K
  class space    used 20445K, committed 21056K, reserved 1048576K
}

